<?xml version="1.0" encoding="UTF-8"?>
<!-- Generated by org.testng.reporters.JUnitReportReporter -->
<testsuite hostname="DESKTOP-PVVGSRM" failures="0" tests="1" name="com.timekeeping.actiTime.Selenium.basicProgram.MavenProgram1" time="0.003" errors="0" timestamp="01 Sep 2022 06:03:32 GMT" skipped="0">
  <testcase classname="com.timekeeping.actiTime.Selenium.basicProgram.MavenProgram1" name="demo" time="0.003"/>
</testsuite> <!-- com.timekeeping.actiTime.Selenium.basicProgram.MavenProgram1 -->
