<?xml version="1.0" encoding="UTF-8"?>
<!-- Generated by org.testng.reporters.JUnitReportReporter -->
<testsuite hostname="DESKTOP-PVVGSRM" failures="0" tests="1" name="com.timekeeping.actiTime.Selenium.basicProgram.ClassF" time="0.006" errors="0" timestamp="2022-09-07T22:53:22 IST" skipped="0">
  <testcase classname="com.timekeeping.actiTime.Selenium.basicProgram.ClassF" name="demo" time="0.006"/>
  <system-out/>
</testsuite> <!-- com.timekeeping.actiTime.Selenium.basicProgram.ClassF -->
