<?xml version="1.0" encoding="UTF-8"?>
<!-- Generated by org.testng.reporters.JUnitReportReporter -->
<testsuite hostname="DESKTOP-PVVGSRM" failures="0" tests="1" name="com.timekeeping.actiTime.Selenium.basicProgram.ClassE" time="0.009" errors="0" timestamp="2022-09-07T22:58:25 IST" skipped="0">
  <testcase classname="com.timekeeping.actiTime.Selenium.basicProgram.ClassE" name="demo1" time="0.009"/>
  <system-out/>
</testsuite> <!-- com.timekeeping.actiTime.Selenium.basicProgram.ClassE -->
