<?xml version="1.0" encoding="UTF-8"?>
<!-- Generated by org.testng.reporters.JUnitReportReporter -->
<testsuite hostname="DESKTOP-PVVGSRM" failures="0" tests="4" name="com.timekeeping.actiTime.Selenium.basicProgram.MavenProgram2" time="0.013" errors="0" timestamp="01 Sep 2022 06:03:32 GMT" skipped="0">
  <testcase classname="com.timekeeping.actiTime.Selenium.basicProgram.MavenProgram2" name="B" time="0.002"/>
  <testcase classname="com.timekeeping.actiTime.Selenium.basicProgram.MavenProgram2" name="D" time="0.001"/>
  <testcase classname="com.timekeeping.actiTime.Selenium.basicProgram.MavenProgram2" name="C" time="0.001"/>
  <testcase classname="com.timekeeping.actiTime.Selenium.basicProgram.MavenProgram2" name="A" time="0.009"/>
</testsuite> <!-- com.timekeeping.actiTime.Selenium.basicProgram.MavenProgram2 -->
