<?xml version="1.0" encoding="UTF-8"?>
<!-- Generated by org.testng.reporters.JUnitReportReporter -->
<testsuite hostname="DESKTOP-PVVGSRM" failures="0" tests="4" name="com.timekeeping.actiTime.Selenium.basicProgram.ClassA" time="0.020" errors="0" timestamp="01 Sep 2022 05:31:00 GMT" skipped="0">
  <testcase classname="com.timekeeping.actiTime.Selenium.basicProgram.ClassA" name="C" time="0.001"/>
  <testcase classname="com.timekeeping.actiTime.Selenium.basicProgram.ClassA" name="D" time="0.004"/>
  <testcase classname="com.timekeeping.actiTime.Selenium.basicProgram.ClassA" name="A" time="0.010"/>
  <testcase classname="com.timekeeping.actiTime.Selenium.basicProgram.ClassA" name="B" time="0.005"/>
</testsuite> <!-- com.timekeeping.actiTime.Selenium.basicProgram.ClassA -->
