<?xml version="1.0" encoding="UTF-8"?>
<!-- Generated by org.testng.reporters.JUnitReportReporter -->
<testsuite hostname="DESKTOP-PVVGSRM" failures="0" tests="2" name="com.timekeeping.actiTime.Selenium.basicProgram.GroupExcution" time="0.017" errors="0" timestamp="02 Sep 2022 06:52:14 GMT" skipped="0">
  <testcase classname="com.timekeeping.actiTime.Selenium.basicProgram.GroupExcution" name="logIn" time="0.011"/>
  <testcase classname="com.timekeeping.actiTime.Selenium.basicProgram.GroupExcution" name="logOut" time="0.006"/>
</testsuite> <!-- com.timekeeping.actiTime.Selenium.basicProgram.GroupExcution -->
