<?xml version="1.0" encoding="UTF-8"?>
<!-- Generated by org.testng.reporters.JUnitReportReporter -->
<testsuite hostname="DESKTOP-PVVGSRM" failures="0" tests="1" name="com.timekeeping.actiTime.Selenium.basicProgram.MavenProgram5" time="10.576" errors="0" timestamp="02 Sep 2022 07:27:23 GMT" skipped="0">
  <testcase classname="com.timekeeping.actiTime.Selenium.basicProgram.MavenProgram5" name="demo2" time="10.576"/>
</testsuite> <!-- com.timekeeping.actiTime.Selenium.basicProgram.MavenProgram5 -->
