<?xml version="1.0" encoding="UTF-8"?>
<!-- Generated by org.testng.reporters.JUnitReportReporter -->
<testsuite hostname="DESKTOP-PVVGSRM" failures="0" tests="1" name="com.timekeeping.actiTime.Selenium.genericUtility.BaseClassFor2DiffClass" time="0.010" errors="0" timestamp="2022-09-08T11:34:19 IST" skipped="0">
  <testcase classname="com.timekeeping.actiTime.Selenium.genericUtility.BaseClassFor2DiffClass" name="bmConfig" time="0.010"/>
  <system-out/>
</testsuite> <!-- com.timekeeping.actiTime.Selenium.genericUtility.BaseClassFor2DiffClass -->
