<?xml version="1.0" encoding="UTF-8"?>
<!-- Generated by org.testng.reporters.JUnitReportReporter -->
<testsuite hostname="DESKTOP-PVVGSRM" failures="0" tests="1" name="com.timekeeping.actiTime.Selenium.basicProgram.ClassG" time="0.007" errors="0" timestamp="2022-09-08T11:52:28 IST" skipped="0">
  <testcase classname="com.timekeeping.actiTime.Selenium.basicProgram.ClassG" name="demo2" time="0.007"/>
  <system-out/>
</testsuite> <!-- com.timekeeping.actiTime.Selenium.basicProgram.ClassG -->
