<?xml version="1.0" encoding="UTF-8"?>
<!-- Generated by org.testng.reporters.JUnitReportReporter -->
<testsuite hostname="DESKTOP-PVVGSRM" failures="0" tests="1" name="com.timekeeping.actiTime.Selenium.basicProgram.MavenProgram4" time="28.724" errors="0" timestamp="02 Sep 2022 07:27:23 GMT" skipped="0">
  <testcase classname="com.timekeeping.actiTime.Selenium.basicProgram.MavenProgram4" name="demo" time="28.724"/>
</testsuite> <!-- com.timekeeping.actiTime.Selenium.basicProgram.MavenProgram4 -->
